<?xml version="1.0" encoding="utf-8"?><testsuites name="pytest tests"><testsuite name="pytest" errors="0" failures="0" skipped="0" tests="8" time="11.459" timestamp="2026-05-15T21:20:47.815600+00:00" hostname="agent-env-3efacdf2-10bc-4e43-8c77-a94a5789c223"><testcase classname="backend.tests.backend_test" name="test_health" time="0.244" /><testcase classname="backend.tests.backend_test" name="test_subject_crud_and_no_object_id_leak" time="0.649" /><testcase classname="backend.tests.backend_test" name="test_subject_upload_notes" time="0.410" /><testcase classname="backend.tests.backend_test" name="test_subject_delete" time="0.403" /><testcase classname="backend.tests.backend_test" name="test_chat_sessions_lifecycle" time="2.051" /><testcase classname="backend.tests.backend_test" name="test_delete_session_cascades_messages" time="0.348" /><testcase classname="backend.tests.backend_test" name="test_worksheet_generate_multiple_choice" time="3.918" /><testcase classname="backend.tests.backend_test" name="test_worksheet_no_subject_short" time="3.277" /></testsuite></testsuites>